Dup21(3.596665679616655e-02)
Perm21(9.090909090909091e-02)
Dup111(-3.504210156507404e-02)
Perm111(9.090909090909091e-02,1.818181818181818e-01)
Dup111(1.107208001265954e-01)
Perm111(9.090909090909091e-02,2.727272727272727e-01)
Dup111(-1.255055385795403e-01)
Perm111(9.090909090909091e-02,3.636363636363636e-01)
Dup21(1.748311073732081e-01)
Perm21(4.545454545454545e-01)
Dup111(1.936154397804944e-03)
Perm111(0.000000000000000e+00,9.090909090909091e-02)
Dup21(3.067952538624662e-02)
Perm21(1.818181818181818e-01)
Dup111(-4.837564294523206e-02)
Perm111(1.818181818181818e-01,2.727272727272727e-01)
Dup111(7.867718420018767e-03)
Perm111(1.818181818181818e-01,3.636363636363636e-01)
Dup111(4.151278204529279e-03)
Perm111(0.000000000000000e+00,1.818181818181818e-01)
Dup21(1.602706458493496e-01)
Perm21(2.727272727272727e-01)
Dup21(-7.748943400563771e-02)
Perm21(3.636363636363636e-01)
Dup111(-1.999928532666628e-03)
Perm111(0.000000000000000e+00,2.727272727272727e-01)
Dup111(6.988823378849007e-03)
Perm111(0.000000000000000e+00,3.636363636363636e-01)
Dup111(-1.364411158971344e-06)
Perm111(0.000000000000000e+00,4.545454545454545e-01)
Dup21(9.277682790827632e-04)
Perm21(0.000000000000000e+00)
