Dup21(1.582458179680402e-02)
Perm21(1.000000000000000e-01)
Dup111(2.455106621773288e-02)
Perm111(1.000000000000000e-01,2.000000000000000e-01)
Dup111(8.935251990807547e-03)
Perm111(1.000000000000000e-01,3.000000000000000e-01)
Dup111(2.170347656458767e-02)
Perm111(1.000000000000000e-01,4.000000000000000e-01)
Dup111(8.876797071241515e-03)
Perm111(0.000000000000000e+00,1.000000000000000e-01)
Dup21(-6.730666452888676e-02)
Perm21(2.000000000000000e-01)
Dup111(7.837969643525199e-02)
Perm111(2.000000000000000e-01,3.000000000000000e-01)
Dup21(-1.040497568275346e-01)
Perm21(4.000000000000000e-01)
Dup111(-1.601664796109241e-02)
Perm111(0.000000000000000e+00,2.000000000000000e-01)
Dup21(2.822537544759767e-02)
Perm21(3.000000000000000e-01)
Dup111(4.369087702421036e-02)
Perm111(0.000000000000000e+00,3.000000000000000e-01)
Dup111(-6.231294425738870e-02)
Perm111(0.000000000000000e+00,4.000000000000000e-01)
Dup21(7.835798460798461e-02)
Perm21(5.000000000000000e-01)
