Dup21(4.536525974025974e-02)
Perm21(1.111111111111111e-01)
Dup111(-2.650415990259740e-02)
Perm111(1.111111111111111e-01,2.222222222222222e-01)
Dup111(9.418222402597402e-02)
Perm111(1.111111111111111e-01,3.333333333333333e-01)
Dup21(-6.311688311688311e-02)
Perm21(4.444444444444444e-01)
Dup111(3.177759740259740e-03)
Perm111(0.000000000000000e+00,1.111111111111111e-01)
Dup21(1.553267045454546e-02)
Perm21(2.222222222222222e-01)
Dup111(-1.565594561688312e-02)
Perm111(2.222222222222222e-01,3.333333333333333e-01)
Dup111(4.985795454545455e-03)
Perm111(0.000000000000000e+00,2.222222222222222e-01)
Dup3(1.076420454545454e-01)
Perm3(3.33333333333333e-1)
Dup111(1.051643668831169e-03)
Perm111(0.000000000000000e+00,3.333333333333333e-01)
Dup111(4.533786525974026e-03)
Perm111(0.000000000000000e+00,4.444444444444444e-01)
Dup21(1.462729978354978e-03)
Perm21(0.000000000000000e+00)
