Dup21(-2.027794804646657e-01)
Perm21(1.428571428571428e-01)
Dup111(5.346259784454229e-01)
Perm111(1.428571428571428e-01,2.142857142857143e-01)
Dup111(-1.769678719771312e+00)
Perm111(1.428571428571428e-01,2.857142857142857e-01)
Dup111(2.692234003136781e+00)
Perm111(1.428571428571428e-01,3.571428571428572e-01)
Dup21(-3.405828239661573e+00)
Perm21(4.285714285714285e-01)
Dup111(-1.517413055051944e-01)
Perm111(7.142857142857142e-02,1.428571428571428e-01)
Dup21(-1.197466833577945e-01)
Perm21(2.142857142857143e-01)
Dup111(9.844285566970752e-01)
Perm111(2.142857142857143e-01,2.857142857142857e-01)
Dup111(9.095033310311088e-02)
Perm111(2.142857142857143e-01,3.571428571428572e-01)
Dup111(4.335137761758132e-01)
Perm111(7.142857142857142e-02,2.142857142857143e-01)
Dup21(-3.418885915182211e+00)
Perm21(2.857142857142857e-01)
Dup21(1.992334935297898e+00)
Perm21(3.571428571428572e-01)
Dup111(-6.120152018763130e-01)
Perm111(7.142857142857142e-02,2.857142857142857e-01)
Dup111(6.655328090976239e-01)
Perm111(7.142857142857142e-02,3.571428571428572e-01)
Dup111(-2.479399275278905e-01)
Perm111(7.142857142857142e-02,4.285714285714285e-01)
Dup21(8.175144608477942e-02)
Perm21(7.142857142857142e-02)
