Dup21(-2.547186147186147e-01)
Perm21(1.666666666666667e-01)
Dup111(4.581385281385281e-01)
Perm111(1.666666666666667e-01,2.500000000000000e-01)
Dup111(-1.148528138528139e+00)
Perm111(1.666666666666667e-01,3.333333333333333e-01)
Dup21(1.177900432900433e+00)
Perm21(4.166666666666667e-01)
Dup111(-1.154329004329004e-01)
Perm111(8.333333333333333e-02,1.666666666666667e-01)
Dup21(4.432900432900433e-02)
Perm21(2.500000000000000e-01)
Dup111(4.243290043290043e-01)
Perm111(2.500000000000000e-01,3.333333333333333e-01)
Dup111(2.895670995670996e-01)
Perm111(8.333333333333333e-02,2.500000000000000e-01)
Dup3(-1.580432900432901e+00)
Perm3(3.33333333333333e-1)
Dup111(-2.447186147186147e-01)
Perm111(8.333333333333333e-02,3.333333333333333e-01)
Dup111(1.550432900432900e-01)
Perm111(8.333333333333333e-02,4.166666666666667e-01)
Dup21(8.917027417027416e-02)
Perm21(8.333333333333333e-02)
