Dup21(1.4487502755731924e-01)
Dup21(2.5051449514991181e-01)
Dup21(1.7041510967813052e+00)
Dup21(1.4723244598765433e+00)
Dup21(-8.8701609347442678e-01)
Dup111(-3.2610036375661378e-01)
Dup111(8.9477444334215173e-01)
Dup111(-1.3759974371693122e+00)
Dup111(-5.1766520612874778e-01)
Dup111(6.5897404100529106e-02)
Perm21(9.0909090909090912e-02)
Perm21(1.8181818181818182e-01)
Perm21(4.5454545454545453e-01)
Perm21(2.7272727272727271e-01)
Perm21(3.6363636363636365e-01)
Perm111(7.2727272727272729e-01,1.8181818181818182e-01)
Perm111(6.3636363636363635e-01,2.7272727272727271e-01)
Perm111(5.4545454545454541e-01,3.6363636363636365e-01)
Perm111(5.4545454545454541e-01,2.7272727272727271e-01)
Perm111(4.5454545454545453e-01,3.6363636363636365e-01)
