Dup21(4.398150455029795e-01)
Perm21(1.538461538461539e-01)
Dup111(-1.011579205580942e+00)
Perm111(1.538461538461539e-01,2.307692307692308e-01)
Dup111(7.953570864898990e-01)
Perm111(1.538461538461539e-01,3.076923076923077e-01)
Dup111(-5.118787191942574e-01)
Perm111(1.538461538461539e-01,3.846153846153846e-01)
Dup111(-3.629754253430469e-01)
Perm111(7.692307692307693e-02,1.538461538461539e-01)
Dup21(2.683818630250922e+00)
Perm21(2.307692307692308e-01)
Dup111(-2.525598739127385e+00)
Perm111(2.307692307692308e-01,3.076923076923077e-01)
Dup21(3.614144116637606e+00)
Perm21(3.846153846153846e-01)
Dup111(1.168984129698105e+00)
Perm111(7.692307692307693e-02,2.307692307692308e-01)
Dup21(-3.005342320359681e-01)
Perm21(3.076923076923077e-01)
Dup111(-2.342601552896692e+00)
Perm111(7.692307692307693e-02,3.076923076923077e-01)
Dup111(3.678726353941198e+00)
Perm111(7.692307692307693e-02,3.846153846153846e-01)
Dup21(-4.174180483948279e+00)
Perm21(4.615384615384616e-01)
Dup21(1.267357342856475e-01)
Perm21(7.692307692307693e-02)
