Solving non-square system, m=56 (rows), n=21 (unknowns), lda=56 (lda=max(m,n)).
Warning: Weights are not scaled by volume, they should add up to ref. elt. volume!
static FLOAT QUAD_2D_P13_wts[] = {
    Dup3(3.3980018293415822140887212340442440e-02L),
    Dup21(2.7800983765226664353628733005230734e-02L),
    Dup21(2.9139242559599990702383541756669905e-02L),
    Dup21(3.0261685517695859208964000161454122e-03L),
    Dup21(1.1997200964447365386855399725479827e-02L),
    Dup111(1.7320638070424185232993414255459110e-02L),
    Dup111(7.4827005525828336316229285664517190e-03L),
    Dup111(1.2089519905796909568722872786530380e-02L),
    Dup111(4.7953405017716313612975450830554457e-03L)
};
static FLOAT QUAD_2D_P13_pts[Length(QUAD_2D_P13_wts) * 3] = {
    Perm3(3.3333333333333333333333333333333333e-01L),
    Perm21(4.2694141425980040602081253503137421e-01L),
    Perm21(2.2137228629183290065481255470507908e-01L),
    Perm21(2.1509681108843183869291313534052083e-02L),
    Perm21(4.8907694645253934990068971909020439e-01L),
    Perm111(6.2354599555367557081585435318623659e-01L,3.0844176089211777465847185254124531e-01L),
    Perm111(8.6470777029544277530254595089569318e-01L,1.1092204280346339541286954522167452e-01L),
    Perm111(7.4850711589995219517301859578870965e-01L,1.6359740106785048023388790171095725e-01L),
    Perm111(7.2235779312418796526062013230478405e-01L,2.7251581777342966618005046435408685e-01L)
};
QUAD QUAD_2D_P13_ = {
    "2D P13",			/* name */
    2,				/* dim */
    13,				/* order */
    Length(QUAD_2D_P13_wts),	/* npoints = 37 */
    QUAD_2D_P13_pts,		/* points */
    QUAD_2D_P13_wts,		/* weights */
    -1				/* id */
};
