Solving non-square system, m=42 (rows), n=16 (unknowns), lda=42 (lda=max(m,n)).
Solving non-square system, m=42 (rows), n=16 (unknowns), lda=42 (lda=max(m,n)).
Warning: Weights are not scaled by volume, they should add up to ref. elt. volume!
static FLOAT QUAD_2D_P11_wts[] = {
    Dup21(3.6089021198604635216985338480426484e-02L),
    Dup21(2.1607717807680420303346736867931050e-02L),
    Dup111(3.1144524293927978774861144478241807e-03L),
    Dup111(2.9086855161081509446654185084988077e-02L),
    Dup111(8.4879241614917017182977532679947624e-03L),
    Dup111(1.3795732078224796530729242858347546e-02L)
};
static FLOAT QUAD_2D_P11_pts[Length(QUAD_2D_P11_wts) * 3] = {
    Perm21(3.9355079629947969884346551941969960e-01L),
    Perm21(4.7979065808897448654107733982929214e-01L),
    Perm111(5.1003445645828061436081405648347852e-03L,5.6817155788572446538150614865768991e-02L),
    Perm111(2.6597620190330158952732822450744488e-01L,1.2539956353662088473247489775203396e-01L),
    Perm111(2.8536418538696461608233522814483715e-01L,1.2409970153698532116262152247041742e-02L),
    Perm111(1.3723536747817085036455583801851025e-01L,5.2792057988217708934207928630851643e-02L)
};
QUAD QUAD_2D_P11_ = {
    "2D P11",			/* name */
    2,				/* dim */
    11,				/* order */
    Length(QUAD_2D_P11_wts),	/* npoints = 30 */
    QUAD_2D_P11_pts,		/* points */
    QUAD_2D_P11_wts,		/* weights */
    -1				/* id */
};
