Solving non-square system, m=49 (rows), n=19 (unknowns), lda=49 (lda=max(m,n)).
Warning: Weights are not scaled by volume, they should add up to ref. elt. volume!
static FLOAT QUAD_2D_P12_wts[] = {
    Dup21(3.0831305257795086169332418926151771e-03L),
    Dup21(3.1429112108942550177135256546441273e-02L),
    Dup21(1.7398056465354471494664198647499687e-02L),
    Dup21(2.1846272269019201067728631278737487e-02L),
    Dup21(1.2865533220227667708895461535782215e-02L),
    Dup111(1.1178386601151722855919538351159995e-02L),
    Dup111(8.6581155543294461858210504055170332e-03L),
    Dup111(2.0185778883190464758914349626118386e-02L)
};
static FLOAT QUAD_2D_P12_pts[Length(QUAD_2D_P12_wts) * 3] = {
    Perm21(2.1317350453210370246856975515728246e-02L),
    Perm21(2.7121038501211592234595134039689474e-01L),
    Perm21(1.2757614554158592467389632515428357e-01L),
    Perm21(4.3972439229446027297973662348436108e-01L),
    Perm21(4.8821738977380488256466206525881104e-01L),
    Perm111(6.9583608678780342214163552323607254e-01L,2.8132558098993954824813069297455275e-01L),
    Perm111(8.5801403354407263059053661662617818e-01L,1.1625191590759714124135414784260182e-01L),
    Perm111(6.0894323577978780685619243776371007e-01L,2.7571326968551419397479634607976398e-01L)
};
QUAD QUAD_2D_P12_ = {
    "2D P12",			/* name */
    2,				/* dim */
    12,				/* order */
    Length(QUAD_2D_P12_wts),	/* npoints = 33 */
    QUAD_2D_P12_pts,		/* points */
    QUAD_2D_P12_wts,		/* weights */
    -1				/* id */
};
