Solving non-square system, m=72 (rows), n=27 (unknowns), lda=72 (lda=max(m,n)).
Warning: Weights are not scaled by volume, they should add up to ref. elt. volume!
static FLOAT QUAD_2D_P15_wts[] = {
    Dup3(1.1785633515953171033296605704107088e-02L),
    Dup21(7.5865747786058522515592943884511926e-03L),
    Dup21(6.4880006419644207748976053864037865e-03L),
    Dup21(8.5331479840030783547130002308045681e-03L),
    Dup21(2.2880009731368803492413190544461291e-02L),
    Dup111(1.1137872364111157700303271314923911e-03L),
    Dup111(1.3505070829934735506578511061237502e-02L),
    Dup111(1.3041889819793782015288602418213842e-02L),
    Dup111(6.0550766385141416861539796316136800e-03L),
    Dup111(7.8239252984022228669950357451752882e-03L),
    Dup111(1.7085444689647396212612564453189029e-02L)
};
static FLOAT QUAD_2D_P15_pts[Length(QUAD_2D_P15_wts) * 3] = {
    Perm3(3.3333333333333333333333333333333333e-01L),
    Perm21(1.1022229622834687297855264132259850e-01L),
    Perm21(5.1976433010034350470031979478890726e-02L),
    Perm21(4.9114565807532554119014945122395425e-01L),
    Perm21(3.9315718888435884048226809785071794e-01L),
    Perm111(3.7374404875729190665436052098366248e-02L,9.6251835223001214880811969560396873e-01L),
    Perm111(2.4824877798467321198263980694374938e-01L,1.9316669854521416819773100288721521e-01L),
    Perm111(2.0699402274830217740486528153682148e-01L,8.6895908835499625515752596197812173e-02L),
    Perm111(1.4854110526954708137688902238435510e-01L,1.7436825398454307962590205117679475e-02L),
    Perm111(3.0674237923596382376588728350286621e-01L,1.7492510958257661632549770512605986e-02L),
    Perm111(3.6703198754220473278855469116984882e-01L,9.0348021758645560446340951192223055e-02L)
};
QUAD QUAD_2D_P15_ = {
    "2D P15",			/* name */
    2,				/* dim */
    15,				/* order */
    Length(QUAD_2D_P15_wts),	/* npoints = 49 */
    QUAD_2D_P15_pts,		/* points */
    QUAD_2D_P15_wts,		/* weights */
    -1				/* id */
};
