Solving non-square system, m=72 (rows), n=27 (unknowns), lda=72 (lda=max(m,n)).
Solving non-square system, m=72 (rows), n=27 (unknowns), lda=72 (lda=max(m,n)).
Solving non-square system, m=72 (rows), n=27 (unknowns), lda=72 (lda=max(m,n)).
Warning: Weights are not scaled by volume, they should add up to ref. elt. volume!
static FLOAT QUAD_2D_P15_wts[] = {
    Dup3(2.4777380743035579804788826970198951e-02L),
    Dup21(9.2433943023307730591540642828347660e-03L),
    Dup21(2.2485768962175402793245929133296627e-03L),
    Dup21(6.7052581900064143760518398833360903e-03L),
    Dup21(1.9011381726930579256700190357527956e-02L),
    Dup111(1.4605445387471889398286155981802858e-02L),
    Dup111(1.5087322572773133722829435011138258e-02L),
    Dup111(1.5630213780078803020711746273129099e-02L),
    Dup111(6.1808086085778203192616856133701233e-03L),
    Dup111(3.2209366452594664857296985751120513e-03L),
    Dup111(5.8747373242569702667677969985668817e-03L)
};
static FLOAT QUAD_2D_P15_pts[Length(QUAD_2D_P15_wts) * 3] = {
    Perm3(3.3333333333333333333333333333333333e-01L),
    Perm21(7.9031013655541635005816956762252155e-02L),
    Perm21(1.8789501810770077611247984432284226e-02L),
    Perm21(4.9250168823249670532514526605352905e-01L),
    Perm21(4.0886316907744105975059040108092775e-01L),
    Perm111(1.9412620368774630292701241080996842e-01L,5.3877851064220142445952549348423733e-01L),
    Perm111(9.8765911355712115933807754318089099e-02L,2.0250549804829997692885033941362673e-01L),
    Perm111(7.7663767064308164090246588765178087e-02L,5.5349674918711643207148086558288110e-01L),
    Perm111(2.1594628433980258573654682690950798e-02L,7.8345022567320812359258882143250181e-01L),
    Perm111(1.2563596287784997705599005477153617e-02L,8.9514624528794883409864566727625002e-01L),
    Perm111(1.5082654870922784345283124845552190e-02L,3.2515745241110782862789881780746490e-01L)
};
QUAD QUAD_2D_P15_ = {
    "2D P15",			/* name */
    2,				/* dim */
    15,				/* order */
    Length(QUAD_2D_P15_wts),	/* npoints = 49 */
    QUAD_2D_P15_pts,		/* points */
    QUAD_2D_P15_wts,		/* weights */
    -1				/* id */
};
