Solving non-square system, m=72 (rows), n=27 (unknowns), lda=72 (lda=max(m,n)).
Solving non-square system, m=72 (rows), n=27 (unknowns), lda=72 (lda=max(m,n)).
Solving non-square system, m=72 (rows), n=27 (unknowns), lda=72 (lda=max(m,n)).
Solving non-square system, m=72 (rows), n=27 (unknowns), lda=72 (lda=max(m,n)).
Solving non-square system, m=72 (rows), n=27 (unknowns), lda=72 (lda=max(m,n)).
Solving non-square system, m=72 (rows), n=27 (unknowns), lda=72 (lda=max(m,n)).
Warning: Weights are not scaled by volume, they should add up to ref. elt. volume!
static FLOAT QUAD_2D_P15_wts[] = {
    Dup3(2.0465972822989189915842917540148365e-02L),
    Dup21(2.3548336200915707189519767664578111e-03L),
    Dup111(1.4695165649471967625062126086430062e-02L),
    Dup111(5.6325450602926995882947036945771060e-03L),
    Dup111(1.9243863178206558480307979706236631e-02L),
    Dup111(4.1075717513697914923669242448801870e-03L),
    Dup111(1.1517154223655031932607076095969193e-02L),
    Dup111(5.0461509940722062356659768190443521e-03L),
    Dup111(7.6096776054684970683716228602550497e-03L),
    Dup111(1.0892792590252597231873782519353786e-02L)
};
static FLOAT QUAD_2D_P15_pts[Length(QUAD_2D_P15_wts) * 3] = {
    Perm3(3.3333333333333333333333333333333333e-01L),
    Perm21(1.9033810839284703055745044116151729e-02L),
    Perm111(8.4502400933354093364169853986543409e-02L,5.3762721691017780158643549147394393e-01L),
    Perm111(8.5376159066949007453862245880418577e-02L,8.0899287051652121820467690535194757e-01L),
    Perm111(1.9643832165382981483394305342876492e-01L,3.2455154616778157717443478378301904e-01L),
    Perm111(9.5491198265879701348988111805381116e-03L,7.6013586887546261372154242122868524e-01L),
    Perm111(1.4776005416166565992903215584257309e-01L,6.3941389132570507209667068780743465e-01L),
    Perm111(1.8579538534571067400218331917902661e-02L,9.7473262586226141044961638089248704e-02L),
    Perm111(1.6465929582929950383372726159146805e-02L,4.0002042793547945124548110089137682e-01L),
    Perm111(5.9567941835580773762575781009100085e-02L,7.1269192555218668813693095777215553e-01L)
};
QUAD QUAD_2D_P15_ = {
    "2D P15",			/* name */
    2,				/* dim */
    15,				/* order */
    Length(QUAD_2D_P15_wts),	/* npoints = 52 */
    QUAD_2D_P15_pts,		/* points */
    QUAD_2D_P15_wts,		/* weights */
    -1				/* id */
};
