Solving non-square system, m=42 (rows), n=16 (unknowns), lda=42 (lda=max(m,n)).
Solving non-square system, m=42 (rows), n=16 (unknowns), lda=42 (lda=max(m,n)).
Solving non-square system, m=42 (rows), n=16 (unknowns), lda=42 (lda=max(m,n)).
Solving non-square system, m=42 (rows), n=16 (unknowns), lda=42 (lda=max(m,n)).
Warning: Weights are not scaled by volume, they should add up to ref. elt. volume!
static FLOAT QUAD_2D_P11_wts[] = {
    Dup21(6.9071842298274697234753082023106728e-03L),
    Dup21(2.4441567931196146210433843270257557e-02L),
    Dup111(1.7555975414946309375375683999629087e-02L),
    Dup111(2.5076548437454848879702510578118091e-02L),
    Dup111(1.2519885660821395560737417239982693e-02L),
    Dup111(1.2506547739598971550563145779319348e-02L)
};
static FLOAT QUAD_2D_P11_pts[Length(QUAD_2D_P11_wts) * 3] = {
    Perm21(3.2745265650213303577560107423321182e-02L),
    Perm21(1.4406064899240420683340188404010382e-01L),
    Perm111(4.5745426065714043170454386730511066e-01L,3.0207587109553997696768274770972412e-01L),
    Perm111(1.1000518620988444670053395676873445e-01L,3.3722210801729927545547079777509271e-01L),
    Perm111(6.0536596341164655283105821947745933e-01L,3.7311327681727725601876693170861416e-01L),
    Perm111(2.7875756416958289754525240352675324e-02L,8.0711717345208442913100119583922288e-01L)
};
QUAD QUAD_2D_P11_ = {
    "2D P11",			/* name */
    2,				/* dim */
    11,				/* order */
    Length(QUAD_2D_P11_wts),	/* npoints = 30 */
    QUAD_2D_P11_pts,		/* points */
    QUAD_2D_P11_wts,		/* weights */
    -1				/* id */
};
