Solving non-square system, m=90 (rows), n=33 (unknowns), lda=90 (lda=max(m,n)).
Solving non-square system, m=90 (rows), n=33 (unknowns), lda=90 (lda=max(m,n)).
Solving non-square system, m=90 (rows), n=33 (unknowns), lda=90 (lda=max(m,n)).
Solving non-square system, m=90 (rows), n=33 (unknowns), lda=90 (lda=max(m,n)).
Solving non-square system, m=90 (rows), n=33 (unknowns), lda=90 (lda=max(m,n)).
Warning: Weights are not scaled by volume, they should add up to ref. elt. volume!
static FLOAT QUAD_2D_P17_wts[] = {
    Dup21(1.7464603792572004485690588092246146e-02L),
    Dup21(5.9429003555801725246549713984660076e-03L),
    Dup21(1.2490753345169579649319736639588729e-02L),
    Dup111(1.5386987188875607593083456905596468e-02L),
    Dup111(1.1185807311917706362674684312990270e-02L),
    Dup111(1.0301845740670206831327304917180007e-02L),
    Dup111(1.1767783072977049696840016810370464e-02L),
    Dup111(3.8045312849431209558329128678945240e-03L),
    Dup111(4.5139302178876351271037137230354382e-03L),
    Dup111(2.2178812517580586419412547665472893e-03L),
    Dup111(5.2216271537483672304731416553063103e-03L),
    Dup111(9.8381136389470256422419930926212114e-04L)
};
static FLOAT QUAD_2D_P17_pts[Length(QUAD_2D_P17_wts) * 3] = {
    Perm21(2.8796825754667362165337965123570514e-01L),
    Perm21(4.9216175986208465345536805750663939e-01L),
    Perm21(4.6252866763171173685916780827044612e-01L),
    Perm111(3.4429160695501713926320695771253348e-01L,1.6730292951631792248498303276090273e-01L),
    Perm111(2.2541623431550639817203145525444726e-01L,1.5816335500814652972296428532213019e-01L),
    Perm111(8.0670083153531811694942222940484991e-02L,1.6352252138387564873002458959679529e-01L),
    Perm111(6.5967451375050925655738829747288190e-02L,6.2447680488959768233910286168417367e-01L),
    Perm111(4.5677879890996762665044366994439565e-02L,8.7317249935244454285263604347964179e-01L),
    Perm111(1.1528411723154215812386518751976084e-02L,3.4428164322282694677972239461699271e-01L),
    Perm111(9.3057714323900610398389176844165892e-03L,9.1584484467813674010523309855340209e-02L),
    Perm111(1.5916814107619812717966560404970160e-02L,2.0172088013378989086826623852040632e-01L),
    Perm111(1.0734733163764032541125434215228937e-02L,9.6538762758254643474731509845084691e-01L)
};
QUAD QUAD_2D_P17_ = {
    "2D P17",			/* name */
    2,				/* dim */
    17,				/* order */
    Length(QUAD_2D_P17_wts),	/* npoints = 63 */
    QUAD_2D_P17_pts,		/* points */
    QUAD_2D_P17_wts,		/* weights */
    -1				/* id */
};
