Solving non-square system, m=90 (rows), n=33 (unknowns), lda=90 (lda=max(m,n)).
Solving non-square system, m=90 (rows), n=33 (unknowns), lda=90 (lda=max(m,n)).
Solving non-square system, m=90 (rows), n=33 (unknowns), lda=90 (lda=max(m,n)).
Solving non-square system, m=90 (rows), n=33 (unknowns), lda=90 (lda=max(m,n)).
Solving non-square system, m=90 (rows), n=33 (unknowns), lda=90 (lda=max(m,n)).
Solving non-square system, m=90 (rows), n=33 (unknowns), lda=90 (lda=max(m,n)).
Solving non-square system, m=90 (rows), n=33 (unknowns), lda=90 (lda=max(m,n)).
Warning: Weights are not scaled by volume, they should add up to ref. elt. volume!
static FLOAT QUAD_2D_P17_wts[] = {
    Dup21(5.2451798198393793874502441351843559e-04L),
    Dup21(7.7296005841390991224432467292675740e-03L),
    Dup21(1.6152582830401194839227603541176569e-02L),
    Dup111(1.2387983763176075179108744846193055e-02L),
    Dup111(1.1661829491395092619507181507416651e-02L),
    Dup111(6.6128271230407713810262693106657650e-03L),
    Dup111(1.5928238614876944585218842230831651e-02L),
    Dup111(6.3522564720371074271321697278149208e-03L),
    Dup111(2.3944991983929141318370797935143540e-03L),
    Dup111(1.1417569479075749594922053065664286e-02L),
    Dup111(1.8052508350240914468884216456059420e-03L),
    Dup111(2.5695276580524710174846338636454191e-03L)
};
static FLOAT QUAD_2D_P17_pts[Length(QUAD_2D_P17_wts) * 3] = {
    Perm21(7.7589058500042752219369118055052560e-03L),
    Perm21(4.8939168914275235041628325907533234e-01L),
    Perm21(4.4271312855997975294063513465966470e-01L),
    Perm111(2.4195155792080705098306882271546258e-01L,3.3634267386864379954722585225413502e-01L),
    Perm111(1.0345342242727622637525230244544468e-01L,1.8822773406965618264803036674973029e-01L),
    Perm111(5.1016142998593622256304997620932499e-02L,1.1155773376721288055148659671234679e-01L),
    Perm111(1.6450040205857062272953098337520800e-01L,5.6153342316660005258666455633839156e-01L),
    Perm111(2.4680296826948278327741125763966699e-02L,7.4132150399899708609637312762815541e-01L),
    Perm111(2.4302456239967888852045551453830060e-03L,3.5591465603484631592808046406566102e-01L),
    Perm111(5.7989443718936645932046291109759252e-02L,3.4228086816976560024068513900104266e-01L),
    Perm111(4.0161898451277553069557046309792692e-03L,8.4751342845916516104126687643616810e-01L),
    Perm111(1.4698275540831748204975170107807727e-02L,5.5019878524007638254477529355037610e-02L)
};
QUAD QUAD_2D_P17_ = {
    "2D P17",			/* name */
    2,				/* dim */
    17,				/* order */
    Length(QUAD_2D_P17_wts),	/* npoints = 63 */
    QUAD_2D_P17_pts,		/* points */
    QUAD_2D_P17_wts,		/* weights */
    -1				/* id */
};
