Solving non-square system, m=64 (rows), n=24 (unknowns), lda=64 (lda=max(m,n)).
Solving non-square system, m=64 (rows), n=24 (unknowns), lda=64 (lda=max(m,n)).
Warning: Weights are not scaled by volume, they should add up to ref. elt. volume!
static FLOAT QUAD_2D_P14_wts[] = {
    Dup21(1.0941790684714445320422472981662986e-02L),
    Dup21(1.6394176772062675320655489369312672e-02L),
    Dup21(2.5887052253645793157392455083198201e-02L),
    Dup21(2.1081294368496508769115218662093065e-02L),
    Dup21(7.2168498348883338008549607403266583e-03L),
    Dup21(2.4617018012000408409130117545210774e-03L),
    Dup111(1.2332876606281836981437622591818114e-02L),
    Dup111(1.9285755393530341614244513905205430e-02L),
    Dup111(7.2181540567669202480443459995079017e-03L),
    Dup111(2.5051144192503358849300465412445582e-03L)
};
static FLOAT QUAD_2D_P14_pts[Length(QUAD_2D_P14_wts) * 3] = {
    Perm21(4.8896391036217863867737602045239024e-01L),
    Perm21(4.1764471934045392250944082218564344e-01L),
    Perm21(2.7347752830883865975494428326269856e-01L),
    Perm21(1.7720553241254343695661069046505908e-01L),
    Perm21(6.1799883090872601267478828436935788e-02L),
    Perm21(1.9390961248701048178250095054529511e-02L),
    Perm111(7.7060855477499648258903327416742796e-01L,1.7226668782135557837528960161365733e-01L),
    Perm111(5.7022229084668317349769621336235426e-01L,3.3686145979634500174405519708892539e-01L),
    Perm111(6.8698016780808783735862715402031306e-01L,2.9837288213625775297083151805961273e-01L),
    Perm111(8.7975717137017112951457163697460183e-01L,1.1897449769695684539818196192990548e-01L)
};
QUAD QUAD_2D_P14_ = {
    "2D P14",			/* name */
    2,				/* dim */
    14,				/* order */
    Length(QUAD_2D_P14_wts),	/* npoints = 42 */
    QUAD_2D_P14_pts,		/* points */
    QUAD_2D_P14_wts,		/* weights */
    -1				/* id */
};
