Solving non-square system, m=30 (rows), n=12 (unknowns), lda=30 (lda=max(m,n)).
Warning: Weights are not scaled by volume, they should add up to ref. elt. volume!
static FLOAT QUAD_2D_P9_wts[] = {
    Dup3(4.8567898141399416909620991253644315e-02L),
    Dup21(1.5667350113569535268427415643604658e-02L),
    Dup21(1.2788837829349015630839399279499912e-02L),
    Dup21(3.8913770502387139658369678149701978e-02L),
    Dup21(3.9823869463605126516445887132022637e-02L),
    Dup111(2.1641769688644688644688644688644689e-02L)
};
static FLOAT QUAD_2D_P9_pts[Length(QUAD_2D_P9_wts) * 3] = {
    Perm3(3.3333333333333333333333333333333333e-01L),
    Perm21(4.8968251919873762778370692483619280e-01L),
    Perm21(4.4729513394452709865106589966276365e-02L),
    Perm21(4.3708959149293663726993036443535497e-01L),
    Perm21(1.8820353561903273024096128046733557e-01L),
    Perm111(7.4119859878449802069007987352342383e-01L,2.2196298916076569567510252769319107e-01L)
};
QUAD QUAD_2D_P9_ = {
    "2D P9",			/* name */
    2,				/* dim */
    9,				/* order */
    Length(QUAD_2D_P9_wts),	/* npoints = 19 */
    QUAD_2D_P9_pts,		/* points */
    QUAD_2D_P9_wts,		/* weights */
    -1				/* id */
};
