Solving non-square system, m=49 (rows), n=19 (unknowns), lda=49 (lda=max(m,n)).
Solving non-square system, m=49 (rows), n=19 (unknowns), lda=49 (lda=max(m,n)).
Solving non-square system, m=49 (rows), n=19 (unknowns), lda=49 (lda=max(m,n)).
Solving non-square system, m=49 (rows), n=19 (unknowns), lda=49 (lda=max(m,n)).
Warning: Weights are not scaled by volume, they should add up to ref. elt. volume!
static FLOAT QUAD_2D_P12_wts[] = {
    Dup21(2.4959167464030471059525861030497150e-02L),
    Dup21(1.4243026034438772499847236953757723e-02L),
    Dup21(3.1270606597951380234661890722759920e-02L),
    Dup21(3.9658212549868192296573939529298672e-03L),
    Dup21(1.2133419040726016575358986287804042e-02L),
    Dup111(1.0891792519303778966315718169645911e-02L),
    Dup111(7.5418387882557192929252952313834564e-03L),
    Dup111(2.1613681829707105274566635458429615e-02L)
};
static FLOAT QUAD_2D_P12_pts[Length(QUAD_2D_P12_wts) * 3] = {
    Perm21(4.4011164865859311101345370307290819e-01L),
    Perm21(1.0925782765935429058374731200430875e-01L),
    Perm21(2.7146250701492608487799594802254510e-01L),
    Perm21(2.4646363436335594766731197214334578e-02L),
    Perm21(4.8820375094554155177800812386881476e-01L),
    Perm111(2.3034156355267139481641501928929132e-02L,2.9165567973834096053391381193394062e-01L),
    Perm111(2.1382490256170589594154514820559212e-02L,1.2727971723358936878784187474738234e-01L),
    Perm111(2.5545422863851734653135572748306966e-01L,1.1629601967792658663074813414970114e-01L)
};
QUAD QUAD_2D_P12_ = {
    "2D P12",			/* name */
    2,				/* dim */
    12,				/* order */
    Length(QUAD_2D_P12_wts),	/* npoints = 33 */
    QUAD_2D_P12_pts,		/* points */
    QUAD_2D_P12_wts,		/* weights */
    -1				/* id */
};
