Solving non-square system, m=81 (rows), n=30 (unknowns), lda=81 (lda=max(m,n)).
Solving non-square system, m=81 (rows), n=30 (unknowns), lda=81 (lda=max(m,n)).
Solving non-square system, m=81 (rows), n=30 (unknowns), lda=81 (lda=max(m,n)).
Warning: Weights are not scaled by volume, they should add up to ref. elt. volume!
static FLOAT QUAD_2D_P16_wts[] = {
    Dup3(2.2668082505910087151996321171534230e-02L),
    Dup21(8.4043060714818596159798961899306135e-03L),
    Dup21(1.0850949634049747713966288634484161e-03L),
    Dup21(7.2252773375423638869298219383808751e-03L),
    Dup21(1.2997715227338366024036316182572871e-02L),
    Dup111(2.0054466616677715883228810959112227e-02L),
    Dup111(9.7299841600417010281624372720122710e-03L),
    Dup111(1.1651974438298104227427176444311766e-02L),
    Dup111(9.1291185550484450744725847363097389e-03L),
    Dup111(3.5568614040947150231712567900113671e-03L),
    Dup111(5.8355861686234326181790822005304303e-03L),
    Dup111(4.7411314396804228041879331486234396e-03L)
};
static FLOAT QUAD_2D_P16_pts[Length(QUAD_2D_P16_wts) * 3] = {
    Perm3(3.3333333333333333333333333333333333e-01L),
    Perm21(8.5402539407933203673769900926355911e-02L),
    Perm21(1.2425572001444092841183633409631260e-02L),
    Perm21(4.9174838341891594024701017768490960e-01L),
    Perm21(4.5669426695387464162068900231444462e-01L),
    Perm111(3.2315912848634384647700266402091638e-01L,4.8506759880447437974189793537259677e-01L),
    Perm111(1.5341553679414688425981898952416987e-01L,2.0622099278664205707909858461264083e-01L),
    Perm111(7.4295478991330687632977899141707872e-02L,3.2374950270039093446805340265853956e-01L),
    Perm111(7.1278762832147862035977841733532020e-02L,7.3834330556606586255186213302750029e-01L),
    Perm111(1.6623223223705792825395256602140459e-02L,9.1210673061680792565673823935174611e-01L),
    Perm111(1.4160772533794791868984026749196156e-02L,6.6129919222598721544966837350891531e-01L),
    Perm111(1.4539694958941854654807449467759690e-02L,1.7807138906021476039088828811346122e-01L)
};
QUAD QUAD_2D_P16_ = {
    "2D P16",			/* name */
    2,				/* dim */
    16,				/* order */
    Length(QUAD_2D_P16_wts),	/* npoints = 55 */
    QUAD_2D_P16_pts,		/* points */
    QUAD_2D_P16_wts,		/* weights */
    -1				/* id */
};
