Solving non-square system, m=72 (rows), n=27 (unknowns), lda=72 (lda=max(m,n)).
Solving non-square system, m=72 (rows), n=27 (unknowns), lda=72 (lda=max(m,n)).
Solving non-square system, m=72 (rows), n=27 (unknowns), lda=72 (lda=max(m,n)).
Solving non-square system, m=72 (rows), n=27 (unknowns), lda=72 (lda=max(m,n)).
Solving non-square system, m=72 (rows), n=27 (unknowns), lda=72 (lda=max(m,n)).
Warning: Weights are not scaled by volume, they should add up to ref. elt. volume!
static FLOAT QUAD_2D_P15_wts[] = {
    Dup21(9.1718741727345742963544558720650113e-03L),
    Dup21(8.5780643106015436485868389999019629e-03L),
    Dup21(2.6198036824119360204394546106722819e-02L),
    Dup111(1.3682274042611222523607930816287123e-02L),
    Dup111(1.1943655715528658101855710884006068e-02L),
    Dup111(1.7423028970296231158734741198768883e-02L),
    Dup111(7.4861344852721736983836467252090557e-03L),
    Dup111(1.3319553972414532930348544546783112e-03L),
    Dup111(4.7918407854727893228734385028792058e-03L),
    Dup111(4.7004562831830661601750902621597898e-03L)
};
static FLOAT QUAD_2D_P15_pts[Length(QUAD_2D_P15_wts) * 3] = {
    Perm21(1.2142782686657814103313794671029662e-01L),
    Perm21(4.9066224512777599036191310409319454e-01L),
    Perm21(3.8560891911501461999604099378650751e-01L),
    Perm111(1.8833239254823286567662335839721044e-01L,5.6485499322259403006835799412413474e-01L),
    Perm111(7.7873991226601493012692294694067486e-02L,2.1202434883465613732071087814110235e-01L),
    Perm111(9.3975395907994054117995895532758753e-02L,5.3878109885040968463045174399424919e-01L),
    Perm111(1.7383127954250032913137856081211401e-02L,3.1479618509429390871100988043404472e-01L),
    Perm111(3.5121233633475683907800848695974066e-03L,3.6980564378927999756056945159463290e-02L),
    Perm111(1.3866867499683448034879645654768356e-02L,1.6067017851272844205569490168803254e-01L),
    Perm111(3.9732835845772199021142022974960948e-02L,8.7984679471661579300091316063861522e-01L)
};
QUAD QUAD_2D_P15_ = {
    "2D P15",			/* name */
    2,				/* dim */
    15,				/* order */
    Length(QUAD_2D_P15_wts),	/* npoints = 51 */
    QUAD_2D_P15_pts,		/* points */
    QUAD_2D_P15_wts,		/* weights */
    -1				/* id */
};
